<?xml version="1.0" encoding="UTF-8"?>
<!-- Generated by org.testng.reporters.JUnitReportReporter -->
<testsuite hostname="DESKTOP-G4M0PBI" name="com.POM.NewToursHomePageTesting" tests="1" failures="0" timestamp="18 Dec 2017 01:39:50 GMT" time="20.545" errors="0">
  <testcase name="NewToursHomePage" time="20.545" classname="com.POM.NewToursHomePageTesting"/>
</testsuite> <!-- com.POM.NewToursHomePageTesting -->
