<?xml version="1.0" encoding="UTF-8"?>
<!-- Generated by org.testng.reporters.JUnitReportReporter -->
<testsuite hostname="DESKTOP-G4M0PBI" name="com.TestNGAnnotations.NewToursLogInTest" tests="1" failures="0" timestamp="11 Dec 2017 10:59:45 GMT" time="5.401" errors="0">
  <testcase name="LogIn" time="5.401" classname="com.TestNGAnnotations.NewToursLogInTest"/>
</testsuite> <!-- com.TestNGAnnotations.NewToursLogInTest -->
