<?xml version="1.0" encoding="UTF-8"?>
<!-- Generated by org.testng.reporters.JUnitReportReporter -->
<testsuite hostname="DESKTOP-G4M0PBI" name="com.TestNGAnnotations.Annotations1" tests="2" failures="0" timestamp="11 Dec 2017 10:26:46 GMT" time="0.015" errors="0">
  <testcase name="LogIN" time="0.002" classname="com.TestNGAnnotations.Annotations1"/>
  <testcase name="BrowserLaunch" time="0.013" classname="com.TestNGAnnotations.Annotations1"/>
</testsuite> <!-- com.TestNGAnnotations.Annotations1 -->
