<?xml version="1.0" encoding="UTF-8"?>
<!-- Generated by org.testng.reporters.JUnitReportReporter -->
<testsuite hostname="DESKTOP-G4M0PBI" name="com.DataDrivenTesting.NewToursLinks_FromDataSheet" tests="1" failures="0" timestamp="14 Dec 2017 11:00:09 GMT" time="44.326" errors="0">
  <testcase name="NewtoursLinks" time="44.326" classname="com.DataDrivenTesting.NewToursLinks_FromDataSheet"/>
</testsuite> <!-- com.DataDrivenTesting.NewToursLinks_FromDataSheet -->
