<?xml version="1.0" encoding="UTF-8"?>
<!-- Generated by org.testng.reporters.JUnitReportReporter -->
<testsuite hostname="DESKTOP-G4M0PBI" name="com.DataDrivenTesting.NewToursLinks_ExcelDataTesting" tests="1" failures="0" timestamp="18 Dec 2017 01:39:51 GMT" time="35.313" errors="0">
  <testcase name="NewtoursAllLinks" time="35.313" classname="com.DataDrivenTesting.NewToursLinks_ExcelDataTesting"/>
</testsuite> <!-- com.DataDrivenTesting.NewToursLinks_ExcelDataTesting -->
