<?xml version="1.0" encoding="UTF-8"?>
<!-- Generated by org.testng.reporters.JUnitReportReporter -->
<testsuite hostname="DESKTOP-G4M0PBI" name="com.HybridTesting.NewTours_UserRegistration" tests="2" failures="0" timestamp="16 Dec 2017 00:08:09 GMT" time="19.318" errors="0">
  <testcase name="registerUser" time="18.432" classname="com.HybridTesting.NewTours_UserRegistration"/>
  <testcase name="registerClick" time="0.886" classname="com.HybridTesting.NewTours_UserRegistration"/>
</testsuite> <!-- com.HybridTesting.NewTours_UserRegistration -->
