<?xml version="1.0" encoding="UTF-8"?>
<!-- Generated by org.testng.reporters.JUnitReportReporter -->
<testsuite hostname="DESKTOP-G4M0PBI" name="com.TestNGAnnotations.Annotations3" tests="2" failures="0" timestamp="11 Dec 2017 10:35:28 GMT" time="0.020" errors="0">
  <testcase name="InBox" time="0.015" classname="com.TestNGAnnotations.Annotations3"/>
  <testcase name="SentMail" time="0.005" classname="com.TestNGAnnotations.Annotations3"/>
</testsuite> <!-- com.TestNGAnnotations.Annotations3 -->
