<?xml version="1.0" encoding="UTF-8"?>
<!-- Generated by org.testng.reporters.JUnitReportReporter -->
<testsuite hostname="DESKTOP-G4M0PBI" name="com.TestNGAnnotations.NewToursRegister" tests="1" failures="0" timestamp="11 Dec 2017 12:40:32 GMT" time="6.725" errors="0">
  <testcase name="registerUser" time="6.725" classname="com.TestNGAnnotations.NewToursRegister"/>
</testsuite> <!-- com.TestNGAnnotations.NewToursRegister -->
