<?xml version="1.0" encoding="UTF-8"?>
<!-- Generated by org.testng.reporters.JUnitReportReporter -->
<testsuite hostname="DESKTOP-G4M0PBI" name="com.DataDrivenTesting.NewUserRegistration_ExcelTestData" tests="2" failures="0" timestamp="18 Dec 2017 01:39:51 GMT" time="25.008" errors="0">
  <testcase name="registerUser" time="24.506" classname="com.DataDrivenTesting.NewUserRegistration_ExcelTestData"/>
  <testcase name="registerClick" time="0.502" classname="com.DataDrivenTesting.NewUserRegistration_ExcelTestData"/>
</testsuite> <!-- com.DataDrivenTesting.NewUserRegistration_ExcelTestData -->
