<?xml version="1.0" encoding="UTF-8"?>
<!-- Generated by org.testng.reporters.JUnitReportReporter -->
<testsuite hostname="DESKTOP-G4M0PBI" name="com.TestNGAnnotations.Annotaions2" tests="2" failures="0" timestamp="11 Dec 2017 10:31:16 GMT" time="0.013" errors="0">
  <testcase name="SentMail" time="0.003" classname="com.TestNGAnnotations.Annotaions2"/>
  <testcase name="InBox" time="0.010" classname="com.TestNGAnnotations.Annotaions2"/>
</testsuite> <!-- com.TestNGAnnotations.Annotaions2 -->
